2019-12-30 16:39:16,043 - root - INFO - ********TEST START********
2019-12-30 16:39:16,159 - PIL.Image - DEBUG - Importing BlpImagePlugin
2019-12-30 16:39:16,161 - PIL.Image - DEBUG - Importing BmpImagePlugin
2019-12-30 16:39:16,163 - PIL.Image - DEBUG - Importing BufrStubImagePlugin
2019-12-30 16:39:16,164 - PIL.Image - DEBUG - Importing CurImagePlugin
2019-12-30 16:39:16,164 - PIL.Image - DEBUG - Importing DcxImagePlugin
2019-12-30 16:39:16,165 - PIL.Image - DEBUG - Importing DdsImagePlugin
2019-12-30 16:39:16,166 - PIL.Image - DEBUG - Importing EpsImagePlugin
2019-12-30 16:39:16,204 - PIL.Image - DEBUG - Importing FitsStubImagePlugin
2019-12-30 16:39:16,205 - PIL.Image - DEBUG - Importing FliImagePlugin
2019-12-30 16:39:16,205 - PIL.Image - DEBUG - Importing FpxImagePlugin
2019-12-30 16:39:16,209 - PIL.Image - DEBUG - Importing FtexImagePlugin
2019-12-30 16:39:16,209 - PIL.Image - DEBUG - Importing GbrImagePlugin
2019-12-30 16:39:16,210 - PIL.Image - DEBUG - Importing GifImagePlugin
2019-12-30 16:39:16,211 - PIL.Image - DEBUG - Importing GribStubImagePlugin
2019-12-30 16:39:16,211 - PIL.Image - DEBUG - Importing Hdf5StubImagePlugin
2019-12-30 16:39:16,212 - PIL.Image - DEBUG - Importing IcnsImagePlugin
2019-12-30 16:39:16,214 - PIL.Image - DEBUG - Importing IcoImagePlugin
2019-12-30 16:39:16,214 - PIL.Image - DEBUG - Importing ImImagePlugin
2019-12-30 16:39:16,216 - PIL.Image - DEBUG - Importing ImtImagePlugin
2019-12-30 16:39:16,216 - PIL.Image - DEBUG - Importing IptcImagePlugin
2019-12-30 16:39:16,217 - PIL.Image - DEBUG - Importing JpegImagePlugin
2019-12-30 16:39:16,226 - PIL.Image - DEBUG - Importing Jpeg2KImagePlugin
2019-12-30 16:39:16,227 - PIL.Image - DEBUG - Importing McIdasImagePlugin
2019-12-30 16:39:16,227 - PIL.Image - DEBUG - Importing MicImagePlugin
2019-12-30 16:39:16,227 - PIL.Image - DEBUG - Importing MpegImagePlugin
2019-12-30 16:39:16,228 - PIL.Image - DEBUG - Importing MpoImagePlugin
2019-12-30 16:39:16,228 - PIL.Image - DEBUG - Importing MspImagePlugin
2019-12-30 16:39:16,229 - PIL.Image - DEBUG - Importing PalmImagePlugin
2019-12-30 16:39:16,236 - PIL.Image - DEBUG - Importing PcdImagePlugin
2019-12-30 16:39:16,237 - PIL.Image - DEBUG - Importing PcxImagePlugin
2019-12-30 16:39:16,237 - PIL.Image - DEBUG - Importing PdfImagePlugin
2019-12-30 16:39:16,254 - PIL.Image - DEBUG - Importing PixarImagePlugin
2019-12-30 16:39:16,255 - PIL.Image - DEBUG - Importing PngImagePlugin
2019-12-30 16:39:16,255 - PIL.Image - DEBUG - Importing PpmImagePlugin
2019-12-30 16:39:16,255 - PIL.Image - DEBUG - Importing PsdImagePlugin
2019-12-30 16:39:16,256 - PIL.Image - DEBUG - Importing SgiImagePlugin
2019-12-30 16:39:16,256 - PIL.Image - DEBUG - Importing SpiderImagePlugin
2019-12-30 16:39:16,257 - PIL.Image - DEBUG - Importing SunImagePlugin
2019-12-30 16:39:16,257 - PIL.Image - DEBUG - Importing TgaImagePlugin
2019-12-30 16:39:16,258 - PIL.Image - DEBUG - Importing TiffImagePlugin
2019-12-30 16:39:16,258 - PIL.Image - DEBUG - Importing WebPImagePlugin
2019-12-30 16:39:16,259 - PIL.Image - DEBUG - Importing WmfImagePlugin
2019-12-30 16:39:16,259 - PIL.Image - DEBUG - Importing XbmImagePlugin
2019-12-30 16:39:16,262 - PIL.Image - DEBUG - Importing XpmImagePlugin
2019-12-30 16:39:16,264 - PIL.Image - DEBUG - Importing XVThumbImagePlugin
