2019-12-24 18:50:40,996 - root - INFO - ********TEST START********
2019-12-24 18:50:41,172 - PIL.Image - DEBUG - Importing BlpImagePlugin
2019-12-24 18:50:41,174 - PIL.Image - DEBUG - Importing BmpImagePlugin
2019-12-24 18:50:41,176 - PIL.Image - DEBUG - Importing BufrStubImagePlugin
2019-12-24 18:50:41,177 - PIL.Image - DEBUG - Importing CurImagePlugin
2019-12-24 18:50:41,177 - PIL.Image - DEBUG - Importing DcxImagePlugin
2019-12-24 18:50:41,178 - PIL.Image - DEBUG - Importing DdsImagePlugin
2019-12-24 18:50:41,179 - PIL.Image - DEBUG - Importing EpsImagePlugin
2019-12-24 18:50:41,212 - PIL.Image - DEBUG - Importing FitsStubImagePlugin
2019-12-24 18:50:41,213 - PIL.Image - DEBUG - Importing FliImagePlugin
2019-12-24 18:50:41,214 - PIL.Image - DEBUG - Importing FpxImagePlugin
2019-12-24 18:50:41,217 - PIL.Image - DEBUG - Importing FtexImagePlugin
2019-12-24 18:50:41,218 - PIL.Image - DEBUG - Importing GbrImagePlugin
2019-12-24 18:50:41,218 - PIL.Image - DEBUG - Importing GifImagePlugin
2019-12-24 18:50:41,220 - PIL.Image - DEBUG - Importing GribStubImagePlugin
2019-12-24 18:50:41,220 - PIL.Image - DEBUG - Importing Hdf5StubImagePlugin
2019-12-24 18:50:41,221 - PIL.Image - DEBUG - Importing IcnsImagePlugin
2019-12-24 18:50:41,223 - PIL.Image - DEBUG - Importing IcoImagePlugin
2019-12-24 18:50:41,223 - PIL.Image - DEBUG - Importing ImImagePlugin
2019-12-24 18:50:41,224 - PIL.Image - DEBUG - Importing ImtImagePlugin
2019-12-24 18:50:41,225 - PIL.Image - DEBUG - Importing IptcImagePlugin
2019-12-24 18:50:41,226 - PIL.Image - DEBUG - Importing JpegImagePlugin
2019-12-24 18:50:41,235 - PIL.Image - DEBUG - Importing Jpeg2KImagePlugin
2019-12-24 18:50:41,236 - PIL.Image - DEBUG - Importing McIdasImagePlugin
2019-12-24 18:50:41,236 - PIL.Image - DEBUG - Importing MicImagePlugin
2019-12-24 18:50:41,237 - PIL.Image - DEBUG - Importing MpegImagePlugin
2019-12-24 18:50:41,237 - PIL.Image - DEBUG - Importing MpoImagePlugin
2019-12-24 18:50:41,238 - PIL.Image - DEBUG - Importing MspImagePlugin
2019-12-24 18:50:41,238 - PIL.Image - DEBUG - Importing PalmImagePlugin
2019-12-24 18:50:41,246 - PIL.Image - DEBUG - Importing PcdImagePlugin
2019-12-24 18:50:41,246 - PIL.Image - DEBUG - Importing PcxImagePlugin
2019-12-24 18:50:41,246 - PIL.Image - DEBUG - Importing PdfImagePlugin
2019-12-24 18:50:41,264 - PIL.Image - DEBUG - Importing PixarImagePlugin
2019-12-24 18:50:41,264 - PIL.Image - DEBUG - Importing PngImagePlugin
2019-12-24 18:50:41,265 - PIL.Image - DEBUG - Importing PpmImagePlugin
2019-12-24 18:50:41,265 - PIL.Image - DEBUG - Importing PsdImagePlugin
2019-12-24 18:50:41,266 - PIL.Image - DEBUG - Importing SgiImagePlugin
2019-12-24 18:50:41,266 - PIL.Image - DEBUG - Importing SpiderImagePlugin
2019-12-24 18:50:41,267 - PIL.Image - DEBUG - Importing SunImagePlugin
2019-12-24 18:50:41,267 - PIL.Image - DEBUG - Importing TgaImagePlugin
2019-12-24 18:50:41,268 - PIL.Image - DEBUG - Importing TiffImagePlugin
2019-12-24 18:50:41,268 - PIL.Image - DEBUG - Importing WebPImagePlugin
2019-12-24 18:50:41,269 - PIL.Image - DEBUG - Importing WmfImagePlugin
2019-12-24 18:50:41,270 - PIL.Image - DEBUG - Importing XbmImagePlugin
2019-12-24 18:50:41,272 - PIL.Image - DEBUG - Importing XpmImagePlugin
2019-12-24 18:50:41,273 - PIL.Image - DEBUG - Importing XVThumbImagePlugin
