2019-12-17 21:28:03,804 - PIL.Image - DEBUG - Importing BlpImagePlugin
2019-12-17 21:28:03,805 - PIL.Image - DEBUG - Importing BmpImagePlugin
2019-12-17 21:28:03,807 - PIL.Image - DEBUG - Importing BufrStubImagePlugin
2019-12-17 21:28:03,808 - PIL.Image - DEBUG - Importing CurImagePlugin
2019-12-17 21:28:03,809 - PIL.Image - DEBUG - Importing DcxImagePlugin
2019-12-17 21:28:03,811 - PIL.Image - DEBUG - Importing DdsImagePlugin
2019-12-17 21:28:03,811 - PIL.Image - DEBUG - Importing EpsImagePlugin
2019-12-17 21:28:03,844 - PIL.Image - DEBUG - Importing FitsStubImagePlugin
2019-12-17 21:28:03,845 - PIL.Image - DEBUG - Importing FliImagePlugin
2019-12-17 21:28:03,845 - PIL.Image - DEBUG - Importing FpxImagePlugin
2019-12-17 21:28:03,850 - PIL.Image - DEBUG - Importing FtexImagePlugin
2019-12-17 21:28:03,851 - PIL.Image - DEBUG - Importing GbrImagePlugin
2019-12-17 21:28:03,851 - PIL.Image - DEBUG - Importing GifImagePlugin
2019-12-17 21:28:03,852 - PIL.Image - DEBUG - Importing GribStubImagePlugin
2019-12-17 21:28:03,853 - PIL.Image - DEBUG - Importing Hdf5StubImagePlugin
2019-12-17 21:28:03,854 - PIL.Image - DEBUG - Importing IcnsImagePlugin
2019-12-17 21:28:03,855 - PIL.Image - DEBUG - Importing IcoImagePlugin
2019-12-17 21:28:03,856 - PIL.Image - DEBUG - Importing ImImagePlugin
2019-12-17 21:28:03,857 - PIL.Image - DEBUG - Importing ImtImagePlugin
2019-12-17 21:28:03,858 - PIL.Image - DEBUG - Importing IptcImagePlugin
2019-12-17 21:28:03,859 - PIL.Image - DEBUG - Importing JpegImagePlugin
2019-12-17 21:28:03,868 - PIL.Image - DEBUG - Importing Jpeg2KImagePlugin
2019-12-17 21:28:03,868 - PIL.Image - DEBUG - Importing McIdasImagePlugin
2019-12-17 21:28:03,868 - PIL.Image - DEBUG - Importing MicImagePlugin
2019-12-17 21:28:03,869 - PIL.Image - DEBUG - Importing MpegImagePlugin
2019-12-17 21:28:03,869 - PIL.Image - DEBUG - Importing MpoImagePlugin
2019-12-17 21:28:03,870 - PIL.Image - DEBUG - Importing MspImagePlugin
2019-12-17 21:28:03,871 - PIL.Image - DEBUG - Importing PalmImagePlugin
2019-12-17 21:28:03,872 - PIL.Image - DEBUG - Importing PcdImagePlugin
2019-12-17 21:28:03,872 - PIL.Image - DEBUG - Importing PcxImagePlugin
2019-12-17 21:28:03,872 - PIL.Image - DEBUG - Importing PdfImagePlugin
2019-12-17 21:28:03,890 - PIL.Image - DEBUG - Importing PixarImagePlugin
2019-12-17 21:28:03,890 - PIL.Image - DEBUG - Importing PngImagePlugin
2019-12-17 21:28:03,891 - PIL.Image - DEBUG - Importing PpmImagePlugin
2019-12-17 21:28:03,891 - PIL.Image - DEBUG - Importing PsdImagePlugin
2019-12-17 21:28:03,892 - PIL.Image - DEBUG - Importing SgiImagePlugin
2019-12-17 21:28:03,892 - PIL.Image - DEBUG - Importing SpiderImagePlugin
2019-12-17 21:28:03,893 - PIL.Image - DEBUG - Importing SunImagePlugin
2019-12-17 21:28:03,893 - PIL.Image - DEBUG - Importing TgaImagePlugin
2019-12-17 21:28:03,894 - PIL.Image - DEBUG - Importing TiffImagePlugin
2019-12-17 21:28:03,894 - PIL.Image - DEBUG - Importing WebPImagePlugin
2019-12-17 21:28:03,895 - PIL.Image - DEBUG - Importing WmfImagePlugin
2019-12-17 21:28:03,896 - PIL.Image - DEBUG - Importing XbmImagePlugin
2019-12-17 21:28:03,898 - PIL.Image - DEBUG - Importing XpmImagePlugin
2019-12-17 21:28:03,899 - PIL.Image - DEBUG - Importing XVThumbImagePlugin
2019-12-17 21:28:13,801 - root - INFO - url的xml文件有字段为空！！！
