2022-07-23 02:29:08,821 - MyDB - INFO - Connect DB successfully!
2022-07-23 02:29:09,655 - common_def - INFO - 打开excel，准备开始测试
2022-07-23 02:29:09,802 - common_def - INFO - 读取用例excel成功
2022-07-23 02:29:09,804 - ConfigHttp - INFO - ------------------- TestCase Start --------------------
2022-07-23 02:29:09,804 - ConfigHttp - INFO - 请求方式：post
2022-07-23 02:29:09,804 - ConfigHttp - INFO - 请求的url：http://127.0.0.1:8000/api/add_guest/
2022-07-23 02:29:09,804 - ConfigHttp - INFO - 请求的json参数：{'eid': '33', 'realname': '不三不四', 'phone': '15622334455', 'email': 'n3n4@mail.com'}
2022-07-23 02:29:09,824 - ConfigHttp - INFO - 用例 test_add_guest_eid_not_exist 请求成功。
2022-07-23 02:29:09,830 - ConfigHttp - INFO - ------------------- TestCase test_add_guest_eid_not_exist End --------------------
2022-07-23 02:29:09,867 - common_def - INFO - 接口测试成功，结果和返回值已写入 excel 
2022-07-23 02:29:09,867 - ConfigHttp - INFO - ------------------- TestCase Start --------------------
2022-07-23 02:29:09,868 - ConfigHttp - INFO - 请求方式：post
2022-07-23 02:29:09,868 - ConfigHttp - INFO - 请求的url：http://127.0.0.1:8000/api/add_guest/
2022-07-23 02:29:09,868 - ConfigHttp - INFO - 请求的json参数：{'eid': '12', 'realname': '不三不四', 'phone': '15622334455', 'email': 'n3n4@mail.com'}
2022-07-23 02:29:09,868 - MyDB - INFO - 准备执行sql：INSERT INTO `guest`.`sign_event`(`id`, `name`, `limit`, `status`, `address`, `start_time`) VALUES (12, '大烧卖发布会', 500, 1, '早餐基地', '2024-07-21 04:48:12');
2022-07-23 02:29:09,878 - MyDB - INFO - sql执行成功
2022-07-23 02:29:09,914 - ConfigHttp - INFO - 用例 test_add_guest_ok 请求成功。
2022-07-23 02:29:09,914 - ConfigHttp - INFO - ------------------- TestCase test_add_guest_ok End --------------------
2022-07-23 02:29:09,958 - common_def - INFO - 接口测试成功，结果和返回值已写入 excel 
2022-07-23 02:29:09,958 - MyDB - INFO - 准备执行sql：DELETE FROM guest.sign_guest where event_id='12' and phone='15622334455';
2022-07-23 02:29:09,967 - MyDB - INFO - sql执行成功
2022-07-23 02:29:09,967 - MyDB - INFO - 准备执行sql：DELETE FROM guest.sign_event where id="12";
2022-07-23 02:29:09,985 - MyDB - INFO - sql执行成功
2022-07-23 02:29:10,038 - common_def - INFO - 关闭excel文件
2022-07-23 02:29:10,038 - MyDB - INFO - Database connection closed.
