2022-07-23 05:28:27,263 - MyDB - INFO - Connect DB successfully!
2022-07-23 05:28:27,789 - common_def - INFO - 打开excel，准备开始测试
2022-07-23 05:28:28,242 - common_def - INFO - 读取用例excel成功
2022-07-23 05:28:28,242 - ConfigHttp - INFO - ------------------- TestCase Start --------------------
2022-07-23 05:28:28,242 - ConfigHttp - INFO - 请求方式：post
2022-07-23 05:28:28,242 - ConfigHttp - INFO - 请求的url：http://127.0.0.1:8000/api/add_event/
2022-07-23 05:28:28,242 - ConfigHttp - INFO - 请求的json参数：{'eid': '11', 'name': '', 'limit': '', 'status': '', 'address': '', 'start_time': ''}
2022-07-23 05:28:28,257 - ConfigHttp - INFO - 用例 test_add_event_param_null 请求成功。
2022-07-23 05:28:28,257 - ConfigHttp - INFO - ------------------- TestCase test_add_event_param_null End --------------------
2022-07-23 05:28:28,273 - common_def - INFO - 接口测试成功，结果和返回值已写入 excel 
2022-07-23 05:28:28,273 - ConfigHttp - INFO - ------------------- TestCase Start --------------------
2022-07-23 05:28:28,273 - ConfigHttp - INFO - 请求方式：post
2022-07-23 05:28:28,273 - ConfigHttp - INFO - 请求的url：http://127.0.0.1:8000/api/add_event/
2022-07-23 05:28:28,273 - ConfigHttp - INFO - 请求的json参数：{'eid': '11', 'name': '包子烧卖我喜欢', 'limit': '1000', 'status': '', 'address': '哪里都有', 'start_time': '2020-01-01 12:12:12'}
2022-07-23 05:28:28,289 - ConfigHttp - INFO - 用例 test_add_event_ok 请求成功。
2022-07-23 05:28:28,289 - ConfigHttp - INFO - ------------------- TestCase test_add_event_ok End --------------------
2022-07-23 05:28:28,320 - common_def - INFO - 接口测试成功，结果和返回值已写入 excel 
2022-07-23 05:28:28,320 - MyDB - INFO - 准备执行sql：DELETE FROM guest.sign_event where id="11";
2022-07-23 05:28:28,320 - MyDB - INFO - sql执行成功
2022-07-23 05:28:28,336 - ConfigHttp - INFO - ------------------- TestCase Start --------------------
2022-07-23 05:28:28,336 - ConfigHttp - INFO - 请求方式：get
2022-07-23 05:28:28,336 - ConfigHttp - INFO - 请求的url：http://127.0.0.1:8000/api/get_event_list/
2022-07-23 05:28:28,336 - ConfigHttp - INFO - 请求的json参数：{'eid': '3'}
2022-07-23 05:28:28,351 - ConfigHttp - INFO - 用例 test_get_event_list_by_id_ok 请求成功。
2022-07-23 05:28:28,351 - ConfigHttp - INFO - ------------------- TestCase test_get_event_list_by_id_ok End --------------------
2022-07-23 05:28:28,367 - common_def - INFO - 接口测试成功，结果和返回值已写入 excel 
2022-07-23 05:28:28,367 - ConfigHttp - INFO - ------------------- TestCase Start --------------------
2022-07-23 05:28:28,367 - ConfigHttp - INFO - 请求方式：post
2022-07-23 05:28:28,367 - ConfigHttp - INFO - 请求的url：http://127.0.0.1:8000/api/add_guest/
2022-07-23 05:28:28,367 - ConfigHttp - INFO - 请求的json参数：{'eid': '33', 'realname': '不三不四', 'phone': '15622334455', 'email': 'n3n4@mail.com'}
2022-07-23 05:28:28,382 - ConfigHttp - INFO - 用例 test_add_guest_eid_not_exist 请求成功。
2022-07-23 05:28:28,382 - ConfigHttp - INFO - ------------------- TestCase test_add_guest_eid_not_exist End --------------------
2022-07-23 05:28:28,414 - common_def - INFO - 接口测试成功，结果和返回值已写入 excel 
2022-07-23 05:28:28,414 - ConfigHttp - INFO - ------------------- TestCase Start --------------------
2022-07-23 05:28:28,414 - ConfigHttp - INFO - 请求方式：post
2022-07-23 05:28:28,414 - ConfigHttp - INFO - 请求的url：http://127.0.0.1:8000/api/add_guest/
2022-07-23 05:28:28,414 - ConfigHttp - INFO - 请求的json参数：{'eid': '12', 'realname': '不三不四', 'phone': '15622334455', 'email': 'n3n4@mail.com'}
2022-07-23 05:28:28,414 - MyDB - INFO - 准备执行sql：INSERT INTO `guest`.`sign_event`(`id`, `name`, `limit`, `status`, `address`, `start_time`) VALUES (12, '大烧卖发布会', 500, 1, '早餐基地', '2024-07-21 04:48:12');
2022-07-23 05:28:28,429 - MyDB - INFO - sql执行成功
2022-07-23 05:28:28,476 - ConfigHttp - INFO - 用例 test_add_guest_ok 请求成功。
2022-07-23 05:28:28,476 - ConfigHttp - INFO - ------------------- TestCase test_add_guest_ok End --------------------
2022-07-23 05:28:28,507 - common_def - INFO - 接口测试成功，结果和返回值已写入 excel 
2022-07-23 05:28:28,507 - MyDB - INFO - 准备执行sql：DELETE FROM guest.sign_guest where event_id='12' and phone='15622334455';
2022-07-23 05:28:28,523 - MyDB - INFO - sql执行成功
2022-07-23 05:28:28,523 - MyDB - INFO - 准备执行sql：DELETE FROM guest.sign_event where id="12";
2022-07-23 05:28:28,554 - MyDB - INFO - sql执行成功
2022-07-23 05:28:28,554 - ConfigHttp - INFO - ------------------- TestCase Start --------------------
2022-07-23 05:28:28,554 - ConfigHttp - INFO - 请求方式：get
2022-07-23 05:28:28,554 - ConfigHttp - INFO - 请求的url：http://127.0.0.1:8000/api/get_guest_list/
2022-07-23 05:28:28,554 - ConfigHttp - INFO - 请求的json参数：{'eid': '4', 'phone': ''}
2022-07-23 05:28:28,570 - ConfigHttp - INFO - 用例 test_get_guest_list_by_eid_ok 请求成功。
2022-07-23 05:28:28,570 - ConfigHttp - INFO - ------------------- TestCase test_get_guest_list_by_eid_ok End --------------------
2022-07-23 05:28:28,617 - common_def - INFO - 接口测试成功，结果和返回值已写入 excel 
2022-07-23 05:28:28,617 - ConfigHttp - INFO - ------------------- TestCase Start --------------------
2022-07-23 05:28:28,617 - ConfigHttp - INFO - 请求方式：post
2022-07-23 05:28:28,617 - ConfigHttp - INFO - 请求的url：http://127.0.0.1:8000/api/user_sign/
2022-07-23 05:28:28,617 - ConfigHttp - INFO - 请求的json参数：{'eid': '1', 'phone': '18321110101'}
2022-07-23 05:28:28,632 - ConfigHttp - INFO - 用例 test_user_sign_eid_disabled 请求成功。
2022-07-23 05:28:28,632 - ConfigHttp - INFO - ------------------- TestCase test_user_sign_eid_disabled End --------------------
2022-07-23 05:28:28,679 - common_def - INFO - 接口测试成功，结果和返回值已写入 excel 
2022-07-23 05:28:28,679 - ConfigHttp - INFO - ------------------- TestCase Start --------------------
2022-07-23 05:28:28,679 - ConfigHttp - INFO - 请求方式：post
2022-07-23 05:28:28,679 - ConfigHttp - INFO - 请求的url：http://127.0.0.1:8000/api/user_sign/
2022-07-23 05:28:28,679 - ConfigHttp - INFO - 请求的json参数：{'eid': '5', 'phone': '18612345678'}
2022-07-23 05:28:28,695 - ConfigHttp - INFO - 用例 test_user_sign_ok 请求成功。
2022-07-23 05:28:28,695 - ConfigHttp - INFO - ------------------- TestCase test_user_sign_ok End --------------------
2022-07-23 05:28:28,742 - common_def - INFO - 接口测试成功，结果和返回值已写入 excel 
2022-07-23 05:28:28,742 - MyDB - INFO - 准备执行sql：UPDATE guest.sign_guest SET sign=0 WHERE event_id=5 AND phone='18612345678';
2022-07-23 05:28:28,757 - MyDB - INFO - sql执行成功
2022-07-23 05:28:28,827 - common_def - INFO - 关闭excel文件
2022-07-23 05:28:28,828 - MyDB - INFO - Database connection closed.
