2019-12-18 01:22:04,021 - PIL.Image - DEBUG - Importing BlpImagePlugin
2019-12-18 01:22:04,022 - PIL.Image - DEBUG - Importing BmpImagePlugin
2019-12-18 01:22:04,026 - PIL.Image - DEBUG - Importing BufrStubImagePlugin
2019-12-18 01:22:04,026 - PIL.Image - DEBUG - Importing CurImagePlugin
2019-12-18 01:22:04,027 - PIL.Image - DEBUG - Importing DcxImagePlugin
2019-12-18 01:22:04,028 - PIL.Image - DEBUG - Importing DdsImagePlugin
2019-12-18 01:22:04,028 - PIL.Image - DEBUG - Importing EpsImagePlugin
2019-12-18 01:22:04,070 - PIL.Image - DEBUG - Importing FitsStubImagePlugin
2019-12-18 01:22:04,071 - PIL.Image - DEBUG - Importing FliImagePlugin
2019-12-18 01:22:04,072 - PIL.Image - DEBUG - Importing FpxImagePlugin
2019-12-18 01:22:04,079 - PIL.Image - DEBUG - Importing FtexImagePlugin
2019-12-18 01:22:04,079 - PIL.Image - DEBUG - Importing GbrImagePlugin
2019-12-18 01:22:04,080 - PIL.Image - DEBUG - Importing GifImagePlugin
2019-12-18 01:22:04,082 - PIL.Image - DEBUG - Importing GribStubImagePlugin
2019-12-18 01:22:04,083 - PIL.Image - DEBUG - Importing Hdf5StubImagePlugin
2019-12-18 01:22:04,084 - PIL.Image - DEBUG - Importing IcnsImagePlugin
2019-12-18 01:22:04,087 - PIL.Image - DEBUG - Importing IcoImagePlugin
2019-12-18 01:22:04,088 - PIL.Image - DEBUG - Importing ImImagePlugin
2019-12-18 01:22:04,089 - PIL.Image - DEBUG - Importing ImtImagePlugin
2019-12-18 01:22:04,091 - PIL.Image - DEBUG - Importing IptcImagePlugin
2019-12-18 01:22:04,091 - PIL.Image - DEBUG - Importing JpegImagePlugin
2019-12-18 01:22:04,106 - PIL.Image - DEBUG - Importing Jpeg2KImagePlugin
2019-12-18 01:22:04,106 - PIL.Image - DEBUG - Importing McIdasImagePlugin
2019-12-18 01:22:04,107 - PIL.Image - DEBUG - Importing MicImagePlugin
2019-12-18 01:22:04,108 - PIL.Image - DEBUG - Importing MpegImagePlugin
2019-12-18 01:22:04,108 - PIL.Image - DEBUG - Importing MpoImagePlugin
2019-12-18 01:22:04,109 - PIL.Image - DEBUG - Importing MspImagePlugin
2019-12-18 01:22:04,110 - PIL.Image - DEBUG - Importing PalmImagePlugin
2019-12-18 01:22:04,111 - PIL.Image - DEBUG - Importing PcdImagePlugin
2019-12-18 01:22:04,112 - PIL.Image - DEBUG - Importing PcxImagePlugin
2019-12-18 01:22:04,112 - PIL.Image - DEBUG - Importing PdfImagePlugin
2019-12-18 01:22:04,133 - PIL.Image - DEBUG - Importing PixarImagePlugin
2019-12-18 01:22:04,134 - PIL.Image - DEBUG - Importing PngImagePlugin
2019-12-18 01:22:04,134 - PIL.Image - DEBUG - Importing PpmImagePlugin
2019-12-18 01:22:04,135 - PIL.Image - DEBUG - Importing PsdImagePlugin
2019-12-18 01:22:04,136 - PIL.Image - DEBUG - Importing SgiImagePlugin
2019-12-18 01:22:04,136 - PIL.Image - DEBUG - Importing SpiderImagePlugin
2019-12-18 01:22:04,137 - PIL.Image - DEBUG - Importing SunImagePlugin
2019-12-18 01:22:04,137 - PIL.Image - DEBUG - Importing TgaImagePlugin
2019-12-18 01:22:04,138 - PIL.Image - DEBUG - Importing TiffImagePlugin
2019-12-18 01:22:04,138 - PIL.Image - DEBUG - Importing WebPImagePlugin
2019-12-18 01:22:04,140 - PIL.Image - DEBUG - Importing WmfImagePlugin
2019-12-18 01:22:04,140 - PIL.Image - DEBUG - Importing XbmImagePlugin
2019-12-18 01:22:04,143 - PIL.Image - DEBUG - Importing XpmImagePlugin
2019-12-18 01:22:04,144 - PIL.Image - DEBUG - Importing XVThumbImagePlugin
