2019-12-18 01:20:26,304 - PIL.Image - DEBUG - Importing BlpImagePlugin
2019-12-18 01:20:26,305 - PIL.Image - DEBUG - Importing BmpImagePlugin
2019-12-18 01:20:26,308 - PIL.Image - DEBUG - Importing BufrStubImagePlugin
2019-12-18 01:20:26,308 - PIL.Image - DEBUG - Importing CurImagePlugin
2019-12-18 01:20:26,310 - PIL.Image - DEBUG - Importing DcxImagePlugin
2019-12-18 01:20:26,310 - PIL.Image - DEBUG - Importing DdsImagePlugin
2019-12-18 01:20:26,311 - PIL.Image - DEBUG - Importing EpsImagePlugin
2019-12-18 01:20:26,354 - PIL.Image - DEBUG - Importing FitsStubImagePlugin
2019-12-18 01:20:26,355 - PIL.Image - DEBUG - Importing FliImagePlugin
2019-12-18 01:20:26,356 - PIL.Image - DEBUG - Importing FpxImagePlugin
2019-12-18 01:20:26,361 - PIL.Image - DEBUG - Importing FtexImagePlugin
2019-12-18 01:20:26,361 - PIL.Image - DEBUG - Importing GbrImagePlugin
2019-12-18 01:20:26,362 - PIL.Image - DEBUG - Importing GifImagePlugin
2019-12-18 01:20:26,364 - PIL.Image - DEBUG - Importing GribStubImagePlugin
2019-12-18 01:20:26,365 - PIL.Image - DEBUG - Importing Hdf5StubImagePlugin
2019-12-18 01:20:26,365 - PIL.Image - DEBUG - Importing IcnsImagePlugin
2019-12-18 01:20:26,367 - PIL.Image - DEBUG - Importing IcoImagePlugin
2019-12-18 01:20:26,368 - PIL.Image - DEBUG - Importing ImImagePlugin
2019-12-18 01:20:26,369 - PIL.Image - DEBUG - Importing ImtImagePlugin
2019-12-18 01:20:26,370 - PIL.Image - DEBUG - Importing IptcImagePlugin
2019-12-18 01:20:26,371 - PIL.Image - DEBUG - Importing JpegImagePlugin
2019-12-18 01:20:26,382 - PIL.Image - DEBUG - Importing Jpeg2KImagePlugin
2019-12-18 01:20:26,382 - PIL.Image - DEBUG - Importing McIdasImagePlugin
2019-12-18 01:20:26,382 - PIL.Image - DEBUG - Importing MicImagePlugin
2019-12-18 01:20:26,383 - PIL.Image - DEBUG - Importing MpegImagePlugin
2019-12-18 01:20:26,383 - PIL.Image - DEBUG - Importing MpoImagePlugin
2019-12-18 01:20:26,384 - PIL.Image - DEBUG - Importing MspImagePlugin
2019-12-18 01:20:26,385 - PIL.Image - DEBUG - Importing PalmImagePlugin
2019-12-18 01:20:26,386 - PIL.Image - DEBUG - Importing PcdImagePlugin
2019-12-18 01:20:26,386 - PIL.Image - DEBUG - Importing PcxImagePlugin
2019-12-18 01:20:26,386 - PIL.Image - DEBUG - Importing PdfImagePlugin
2019-12-18 01:20:26,407 - PIL.Image - DEBUG - Importing PixarImagePlugin
2019-12-18 01:20:26,408 - PIL.Image - DEBUG - Importing PngImagePlugin
2019-12-18 01:20:26,408 - PIL.Image - DEBUG - Importing PpmImagePlugin
2019-12-18 01:20:26,409 - PIL.Image - DEBUG - Importing PsdImagePlugin
2019-12-18 01:20:26,409 - PIL.Image - DEBUG - Importing SgiImagePlugin
2019-12-18 01:20:26,410 - PIL.Image - DEBUG - Importing SpiderImagePlugin
2019-12-18 01:20:26,411 - PIL.Image - DEBUG - Importing SunImagePlugin
2019-12-18 01:20:26,411 - PIL.Image - DEBUG - Importing TgaImagePlugin
2019-12-18 01:20:26,412 - PIL.Image - DEBUG - Importing TiffImagePlugin
2019-12-18 01:20:26,412 - PIL.Image - DEBUG - Importing WebPImagePlugin
2019-12-18 01:20:26,414 - PIL.Image - DEBUG - Importing WmfImagePlugin
2019-12-18 01:20:26,414 - PIL.Image - DEBUG - Importing XbmImagePlugin
2019-12-18 01:20:26,418 - PIL.Image - DEBUG - Importing XpmImagePlugin
2019-12-18 01:20:26,419 - PIL.Image - DEBUG - Importing XVThumbImagePlugin
