2019-12-18 01:24:27,011 - PIL.Image - DEBUG - Importing BlpImagePlugin
2019-12-18 01:24:27,013 - PIL.Image - DEBUG - Importing BmpImagePlugin
2019-12-18 01:24:27,017 - PIL.Image - DEBUG - Importing BufrStubImagePlugin
2019-12-18 01:24:27,017 - PIL.Image - DEBUG - Importing CurImagePlugin
2019-12-18 01:24:27,018 - PIL.Image - DEBUG - Importing DcxImagePlugin
2019-12-18 01:24:27,019 - PIL.Image - DEBUG - Importing DdsImagePlugin
2019-12-18 01:24:27,020 - PIL.Image - DEBUG - Importing EpsImagePlugin
2019-12-18 01:24:27,062 - PIL.Image - DEBUG - Importing FitsStubImagePlugin
2019-12-18 01:24:27,062 - PIL.Image - DEBUG - Importing FliImagePlugin
2019-12-18 01:24:27,063 - PIL.Image - DEBUG - Importing FpxImagePlugin
2019-12-18 01:24:27,069 - PIL.Image - DEBUG - Importing FtexImagePlugin
2019-12-18 01:24:27,070 - PIL.Image - DEBUG - Importing GbrImagePlugin
2019-12-18 01:24:27,070 - PIL.Image - DEBUG - Importing GifImagePlugin
2019-12-18 01:24:27,072 - PIL.Image - DEBUG - Importing GribStubImagePlugin
2019-12-18 01:24:27,073 - PIL.Image - DEBUG - Importing Hdf5StubImagePlugin
2019-12-18 01:24:27,073 - PIL.Image - DEBUG - Importing IcnsImagePlugin
2019-12-18 01:24:27,076 - PIL.Image - DEBUG - Importing IcoImagePlugin
2019-12-18 01:24:27,077 - PIL.Image - DEBUG - Importing ImImagePlugin
2019-12-18 01:24:27,078 - PIL.Image - DEBUG - Importing ImtImagePlugin
2019-12-18 01:24:27,079 - PIL.Image - DEBUG - Importing IptcImagePlugin
2019-12-18 01:24:27,080 - PIL.Image - DEBUG - Importing JpegImagePlugin
2019-12-18 01:24:27,093 - PIL.Image - DEBUG - Importing Jpeg2KImagePlugin
2019-12-18 01:24:27,094 - PIL.Image - DEBUG - Importing McIdasImagePlugin
2019-12-18 01:24:27,094 - PIL.Image - DEBUG - Importing MicImagePlugin
2019-12-18 01:24:27,095 - PIL.Image - DEBUG - Importing MpegImagePlugin
2019-12-18 01:24:27,096 - PIL.Image - DEBUG - Importing MpoImagePlugin
2019-12-18 01:24:27,096 - PIL.Image - DEBUG - Importing MspImagePlugin
2019-12-18 01:24:27,097 - PIL.Image - DEBUG - Importing PalmImagePlugin
2019-12-18 01:24:27,098 - PIL.Image - DEBUG - Importing PcdImagePlugin
2019-12-18 01:24:27,099 - PIL.Image - DEBUG - Importing PcxImagePlugin
2019-12-18 01:24:27,099 - PIL.Image - DEBUG - Importing PdfImagePlugin
2019-12-18 01:24:27,126 - PIL.Image - DEBUG - Importing PixarImagePlugin
2019-12-18 01:24:27,126 - PIL.Image - DEBUG - Importing PngImagePlugin
2019-12-18 01:24:27,126 - PIL.Image - DEBUG - Importing PpmImagePlugin
2019-12-18 01:24:27,128 - PIL.Image - DEBUG - Importing PsdImagePlugin
2019-12-18 01:24:27,128 - PIL.Image - DEBUG - Importing SgiImagePlugin
2019-12-18 01:24:27,129 - PIL.Image - DEBUG - Importing SpiderImagePlugin
2019-12-18 01:24:27,130 - PIL.Image - DEBUG - Importing SunImagePlugin
2019-12-18 01:24:27,130 - PIL.Image - DEBUG - Importing TgaImagePlugin
2019-12-18 01:24:27,131 - PIL.Image - DEBUG - Importing TiffImagePlugin
2019-12-18 01:24:27,131 - PIL.Image - DEBUG - Importing WebPImagePlugin
2019-12-18 01:24:27,133 - PIL.Image - DEBUG - Importing WmfImagePlugin
2019-12-18 01:24:27,133 - PIL.Image - DEBUG - Importing XbmImagePlugin
2019-12-18 01:24:27,137 - PIL.Image - DEBUG - Importing XpmImagePlugin
2019-12-18 01:24:27,138 - PIL.Image - DEBUG - Importing XVThumbImagePlugin
2019-12-18 01:24:45,934 - root - INFO - url的xml文件有字段为空！！！
2019-12-18 01:24:58,101 - urllib3.connectionpool - DEBUG - Starting new HTTP connection (1): 127.0.0.1:8000
2019-12-18 01:24:58,127 - urllib3.connectionpool - DEBUG - http://127.0.0.1:8000 "GET /api/sec_get_event_list?eid=&name= HTTP/1.1" 301 0
2019-12-18 01:24:58,160 - urllib3.connectionpool - DEBUG - Resetting dropped connection: 127.0.0.1
2019-12-18 01:24:58,289 - urllib3.connectionpool - DEBUG - http://127.0.0.1:8000 "GET /api/sec_get_event_list/?eid=&name= HTTP/1.1" 200 46
